Using pre-set license
Built from '2020.3/staging' branch; Version is '2020.3.9f1 (108be757e447) revision 1084391'; Using compiler version '192528614'; Build Type 'Release'
OS: 'Windows 10 Pro; OS build 19043.1165; Version 2009; 64bit' Language: 'en' Physical Memory: 16319 MB
BatchMode: 1, IsHumanControllingUs: 0, StartBugReporterOnCrash: 0, Is64bit: 1, IsPro: 0

 COMMAND LINE ARGUMENTS:
C:\Program Files\Unity\Hub\Editor\2020.3.9f1\Editor\Unity.exe
-adb2
-batchMode
-noUpm
-name
AssetImportWorker0
-projectPath
D:/ProjectSIA/SIAProject
-logFile
Logs/AssetImportWorker0.log
-srvPort
56892
Successfully changed project path to: D:/ProjectSIA/SIAProject
D:/ProjectSIA/SIAProject
Using Asset Import Pipeline V2.
Refreshing native plugins compatible for Editor in 25.91 ms, found 0 plugins.
Preloading 0 native plugins for Editor in 0.00 ms.
Initialize engine version: 2020.3.9f1 (108be757e447)
[Subsystems] Discovering subsystems at path C:/Program Files/Unity/Hub/Editor/2020.3.9f1/Editor/Data/Resources/UnitySubsystems
[Subsystems] Discovering subsystems at path D:/ProjectSIA/SIAProject/Assets
GfxDevice: creating device client; threaded=0
Direct3D:
    Version:  Direct3D 11.0 [level 11.1]
    Renderer: NVIDIA GeForce GTX 1050 Ti (ID=0x1c82)
    Vendor:   
    VRAM:     4018 MB
    Driver:   27.21.14.5671
Initialize mono
Mono path[0] = 'C:/Program Files/Unity/Hub/Editor/2020.3.9f1/Editor/Data/Managed'
Mono path[1] = 'C:/Program Files/Unity/Hub/Editor/2020.3.9f1/Editor/Data/MonoBleedingEdge/lib/mono/unityjit'
Mono config path = 'C:/Program Files/Unity/Hub/Editor/2020.3.9f1/Editor/Data/MonoBleedingEdge/etc'
Using monoOptions --debugger-agent=transport=dt_socket,embedding=1,server=y,suspend=n,address=127.0.0.1:56480
Begin MonoManager ReloadAssembly
Registering precompiled unity dll's ...
Register platform support module: C:/Program Files/Unity/Hub/Editor/2020.3.9f1/Editor/Data/PlaybackEngines/WebGLSupport/UnityEditor.WebGL.Extensions.dll
Register platform support module: C:/Program Files/Unity/Hub/Editor/2020.3.9f1/Editor/Data/PlaybackEngines/WindowsStandaloneSupport/UnityEditor.WindowsStandalone.Extensions.dll
Registered in 0.002591 seconds.
Native extension for WindowsStandalone target not found
Native extension for WebGL target not found
Refreshing native plugins compatible for Editor in 27.60 ms, found 0 plugins.
Preloading 0 native plugins for Editor in 0.00 ms.
Mono: successfully reloaded assembly
- Completed reload, in  1.534 seconds
Platform modules already initialized, skipping
Registering precompiled user dll's ...
Registered in 0.000561 seconds.
Begin MonoManager ReloadAssembly
Native extension for WindowsStandalone target not found
Native extension for WebGL target not found
Refreshing native plugins compatible for Editor in 27.90 ms, found 0 plugins.
Preloading 0 native plugins for Editor in 0.00 ms.
Mono: successfully reloaded assembly
- Completed reload, in  0.907 seconds
Platform modules already initialized, skipping
========================================================================
Worker process is ready to serve import requests
Launched and connected shader compiler UnityShaderCompiler.exe after 0.05 seconds
Refreshing native plugins compatible for Editor in 0.23 ms, found 0 plugins.
Preloading 0 native plugins for Editor in 0.00 ms.
Unloading 1431 Unused Serialized files (Serialized files now loaded: 0)
System memory in use before: 68.0 MB.
System memory in use after: 68.0 MB.

Unloading 12 unused Assets to reduce memory usage. Loaded Objects now: 1874.
Total: 1.743200 ms (FindLiveObjects: 0.130000 ms CreateObjectMapping: 0.039500 ms MarkObjects: 1.505400 ms  DeleteObjects: 0.067300 ms)

========================================================================
Received Import Request.
  path: Assets/Script/Charecter/Charecter.cs
  artifactKey: Guid(b4ce7b23ab8f48c4782152d20d843a1a) Importer(815301076,1909f56bfc062723c751e8b465ee728b)
Start importing Assets/Script/Charecter/Charecter.cs using Guid(b4ce7b23ab8f48c4782152d20d843a1a) Importer(815301076,1909f56bfc062723c751e8b465ee728b)  -> (artifact id: '1d668d1d9246d50f01bf1450ee45a8b6') in 0.030372 seconds
  Import took 0.032269 seconds .

========================================================================
Received Import Request.
  Time since last request: 0.000285 seconds.
  path: Assets/Script/Charecter/PlayerCharecter.cs
  artifactKey: Guid(710501c25548f3041b59d2c17882356b) Importer(815301076,1909f56bfc062723c751e8b465ee728b)
Start importing Assets/Script/Charecter/PlayerCharecter.cs using Guid(710501c25548f3041b59d2c17882356b) Importer(815301076,1909f56bfc062723c751e8b465ee728b)  -> (artifact id: '17c854de4102648756abee290d61cb4e') in 0.001781 seconds
  Import took 0.003732 seconds .

========================================================================
Received Import Request.
  Time since last request: 0.000212 seconds.
  path: Assets/Script/Charecter/EnemyController.cs
  artifactKey: Guid(0abe2d5381abf8241ba1d03ba36aa2f4) Importer(815301076,1909f56bfc062723c751e8b465ee728b)
Start importing Assets/Script/Charecter/EnemyController.cs using Guid(0abe2d5381abf8241ba1d03ba36aa2f4) Importer(815301076,1909f56bfc062723c751e8b465ee728b)  -> (artifact id: 'c952a92e40d64cfa316a8122d91f3451') in 0.013167 seconds
  Import took 0.015257 seconds .

========================================================================
Received Import Request.
  Time since last request: 0.000692 seconds.
  path: Assets/Script/Charecter/EnemyCharecter.cs
  artifactKey: Guid(a943155af5fdcb14e82e1cbbd540a6ec) Importer(815301076,1909f56bfc062723c751e8b465ee728b)
Start importing Assets/Script/Charecter/EnemyCharecter.cs using Guid(a943155af5fdcb14e82e1cbbd540a6ec) Importer(815301076,1909f56bfc062723c751e8b465ee728b)  -> (artifact id: '1b1a4fef3a315e0a1c0a005432c876c2') in 0.002368 seconds
  Import took 0.004434 seconds .

========================================================================
Received Import Request.
  Time since last request: 143.186560 seconds.
  path: Assets/Prefab/Enemy.prefab
  artifactKey: Guid(b9fbd59135fa2744fa5cb03eedca2496) Importer(815301076,1909f56bfc062723c751e8b465ee728b)
Start importing Assets/Prefab/Enemy.prefab using Guid(b9fbd59135fa2744fa5cb03eedca2496) Importer(815301076,1909f56bfc062723c751e8b465ee728b)  -> (artifact id: '347aa69b3001705b9a410a4429e12670') in 0.076845 seconds
  Import took 0.079689 seconds .

========================================================================
Received Import Request.
  Time since last request: 0.000209 seconds.
  path: Assets/Prefab/Player.prefab
  artifactKey: Guid(fac96dae9ab41dc43bb9650ce339e297) Importer(815301076,1909f56bfc062723c751e8b465ee728b)
Start importing Assets/Prefab/Player.prefab using Guid(fac96dae9ab41dc43bb9650ce339e297) Importer(815301076,1909f56bfc062723c751e8b465ee728b)  -> (artifact id: '8d3c5fbd6cc9d20fa0bd2e69d58dc35f') in 0.010593 seconds
  Import took 0.012775 seconds .

========================================================================
Received Import Request.
  Time since last request: 2.259642 seconds.
  path: Assets/NavMeshComponents
  artifactKey: Guid(b983e3235822a7a4ba6e5d59ed8ee26a) Importer(815301076,1909f56bfc062723c751e8b465ee728b)
Start importing Assets/NavMeshComponents using Guid(b983e3235822a7a4ba6e5d59ed8ee26a) Importer(815301076,1909f56bfc062723c751e8b465ee728b)  -> (artifact id: 'cf0b95308b25cc633b36a0a0eebc4d54') in 0.001852 seconds
  Import took 0.004024 seconds .

========================================================================
Received Import Request.
  Time since last request: 0.000705 seconds.
  path: Assets/NavMeshComponents
  artifactKey: Guid(b983e3235822a7a4ba6e5d59ed8ee26a) Importer(815301076,1909f56bfc062723c751e8b465ee728b)
Start importing Assets/NavMeshComponents using Guid(b983e3235822a7a4ba6e5d59ed8ee26a) Importer(815301076,1909f56bfc062723c751e8b465ee728b)  -> (artifact id: 'cf0b95308b25cc633b36a0a0eebc4d54') in 0.003296 seconds
  Import took 0.005898 seconds .

========================================================================
Received Import Request.
  Time since last request: 3.701369 seconds.
  path: Assets/NavMeshComponents/Scripts
  artifactKey: Guid(ce67aa87f613246dda63a54a59c6399e) Importer(815301076,1909f56bfc062723c751e8b465ee728b)
Start importing Assets/NavMeshComponents/Scripts using Guid(ce67aa87f613246dda63a54a59c6399e) Importer(815301076,1909f56bfc062723c751e8b465ee728b)  -> (artifact id: '8fe6e9712730c021a619fc314e213518') in 0.005884 seconds
  Import took 0.007967 seconds .

========================================================================
Received Import Request.
  Time since last request: 0.948851 seconds.
  path: Assets/NavMeshComponents/Scripts/NavMeshComponents.asmdef
  artifactKey: Guid(8c4dd21966739024fbd72155091d199e) Importer(815301076,1909f56bfc062723c751e8b465ee728b)
Start importing Assets/NavMeshComponents/Scripts/NavMeshComponents.asmdef using Guid(8c4dd21966739024fbd72155091d199e) Importer(815301076,1909f56bfc062723c751e8b465ee728b)  -> (artifact id: '64a86a5f1b5a5ff5f697160eecec0158') in 0.003293 seconds
  Import took 0.005480 seconds .

AssetImportWorkerClient::OnTransportError - code=2 error=End of file
